The number of passed seqs is: 100
chunk52	3.5e-11	36.4
66950	67000
chunk54	3.5e-11	36.4
69950	70000
chunk38	3.5e-11	36.4
50950	51000
chunk49	3.5e-11	36.4
63950	64000
chunk39	3.5e-11	36.4
51950	52000
chunk4	3.5e-11	36.4
4950	5000
chunk28	3.5e-11	36.4
39950	40000
chunk20	3.5e-11	36.4
27951	28001
chunk25	3.5e-11	36.4
34951	35001
chunk14	3.5e-11	36.4
16950	17000
chunk55	3.5e-11	36.4
70950	71000
chunk6	3.5e-11	36.4
6950	7000
chunk69	3.5e-11	36.4
98950	99000
chunk32	3.5e-11	36.4
43950	44000
chunk57	3.5e-11	36.4
76950	77000
chunk34	3.5e-11	36.4
45950	46000
chunk66	3.5e-11	36.4
93951	94001
chunk24	3.5e-11	36.4
33951	34001
chunk5	3.5e-11	36.4
5950	6000
chunk8	3.5e-11	36.4
8950	9000
chunk62	3.5e-11	36.4
88950	89000
chunk21	1.5e-10	34.4
28951	28999
chunk42	1.5e-10	34.4
55950	55998
chunk2	1.5e-10	34.4
2950	2998
chunk60	1.5e-10	34.4
86950	86998
chunk48	2.9e-10	33.4
62950	63000
chunk35	3.2e-10	33.3
46950	47000
chunk56	3.2e-10	33.3
71950	72000
chunk13	3.2e-10	33.3
15950	16000
chunk71	3.4e-10	33.2
23952	24001
chunk61	3.7e-10	33.1
87950	88000
chunk19	3.7e-10	33.1
25951	26001
chunk50	3.7e-10	33.1
64950	65000
chunk77	3.8e-10	33.1
74950	75000
chunk78	3.8e-10	33.1
85950	86000
chunk0	3.8e-10	33.1
950	1000
chunk11	3.8e-10	33.1
13949	13999
chunk51	3.8e-10	33.1
65950	66000
chunk22	4.1e-10	32.9
30951	31001
chunk33	4.6e-10	32.8
44950	45000
chunk43	4.6e-10	32.8
57950	58000
chunk36	4.6e-10	32.8
47950	48000
chunk47	4.6e-10	32.8
61950	62000
chunk26	4.8e-10	32.7
36951	37001
chunk29	5.1e-10	32.7
40950	41000
chunk59	5.4e-10	32.6
81950	82000
chunk18	5.4e-10	32.6
22951	23001
chunk68	5.4e-10	32.6
96950	97000
chunk92	5.6e-10	32.5
82950	83000
chunk91	5.6e-10	32.5
80950	81000
chunk90	5.6e-10	32.5
54950	55000
chunk40	5.8e-10	32.5
52950	53000
chunk3	5.9e-10	32.5
3950	4000
chunk23	5.9e-10	32.5
32951	33001
chunk27	6.2e-10	32.4
37951	38001
chunk41	6.6e-10	32.3
53950	54000
chunk63	6.8e-10	32.3
89950	90000
chunk85	6.8e-10	32.3
72950	73000
chunk82	6.8e-10	32.3
21951	22001
chunk79	6.8e-10	32.3
9950	10000
chunk80	6.8e-10	32.3
12949	12999
chunk30	1.6e-09	31.1
41950	41998
chunk44	2.1e-09	30.7
58950	58999
chunk7	3.2e-09	30.1
7950	8000
chunk1	3.4e-09	30.0
1950	2000
chunk10	3.5e-09	30.0
11950	11999
chunk15	3.7e-09	29.9
17950	17999
chunk75	4.1e-09	29.8
84951	85000
chunk17	4.4e-09	29.7
20949	21001
chunk93	4.7e-09	29.6
83950	84000
chunk70	4.8e-09	29.6
99950	100000
chunk65	4.9e-09	29.5
91950	92000
chunk31	6e-09	29.2
42950	43000
chunk73	6.1e-09	29.2
56951	57000
chunk45	6.3e-09	29.2
59949	59999
chunk37	6.5e-09	29.1
49950	50000
chunk9	6.8e-09	29.1
10950	11000
chunk96	7e-09	29.0
26951	27001
chunk95	7.3e-09	29.0
24951	25001
chunk83	7.4e-09	28.9
29951	30001
chunk53	7.9e-09	28.9
68950	69000
chunk86	1.3e-08	28.2
73950	74000
chunk46	2e-08	27.6
60949	61000
chunk12	2.2e-08	27.4
14949	15000
chunk76	3.6e-08	26.7
95951	95999
chunk94	5.4e-08	26.2
92950	92999
chunk72	5.5e-08	26.2
31952	32001
chunk74	5.5e-08	26.2
67951	68000
chunk67	5.8e-08	26.1
94951	95000
chunk64	6.9e-08	25.8
90950	91000
chunk88	7.4e-08	25.7
97951	98000
chunk89	7.9e-08	25.6
35951	36001
chunk99	8.4e-08	25.6
48950	49000
chunk16	1.4e-07	24.9
18950	19000
chunk58	3.3e-07	23.6
78950	78998
chunk87	7e-07	22.6
75950	76000
chunk98	1.7e-06	21.3
77950	78000
chunk84	2.5e-06	20.9
38951	39000
chunk81	3.3e-06	20.4
19950	19999
chunk97	9.5e-06	19.0
79950	79999
